<?xml version="1.0" encoding="UTF-8"?>
<!-- Generated by org.testng.reporters.JUnitReportReporter -->
<testsuite hostname="RIDVANs-MacBook-Pro.local" failures="0" tests="1" name="Framework.Test2" time="0.304" errors="0" timestamp="2020-06-26T01:22:52 CDT" skipped="0">
  <testcase classname="Framework.Test2" name="getRandomPersons" time="0.304"/>
  <system-out/>
</testsuite> <!-- Framework.Test2 -->
