<?xml version="1.0" encoding="UTF-8"?>
<!-- Generated by org.testng.reporters.JUnitReportReporter -->
<testsuite hostname="RIDVANs-MacBook-Pro.local" failures="0" tests="2" name="HomePage.HomePage" time="22.155" errors="0" timestamp="2020-06-26T01:22:52 CDT" skipped="0">
  <testcase classname="HomePage.HomePage" name="homePageLogin" time="11.392"/>
  <system-out/>
  <testcase classname="HomePage.HomePage" name="homePageLogin" time="10.763"/>
  <system-out/>
</testsuite> <!-- HomePage.HomePage -->
