<?xml version="1.0" encoding="UTF-8"?>
<!-- Generated by org.testng.reporters.JUnitReportReporter -->
<testsuite skipped="0" hostname="RIDVANs-MacBook-Pro.local" name="com.gunduz.TestNG.TestNG_Practice2" tests="1" failures="0" timestamp="28 May 2020 03:31:31 GMT" time="0.000" errors="0">
  <testcase name="thirdDemo" time="0.000" classname="com.gunduz.TestNG.TestNG_Practice2"/>
</testsuite> <!-- com.gunduz.TestNG.TestNG_Practice2 -->
