<?xml version="1.0" encoding="UTF-8"?>
<testsuite xmlns:xsi="http://www.w3.org/2001/XMLSchema-instance" xsi:noNamespaceSchemaLocation="https://maven.apache.org/surefire/maven-surefire-plugin/xsd/surefire-test-report-3.0.xsd" version="3.0" name="TestSuite" time="26.813" tests="4" errors="0" skipped="0" failures="1">
  <properties>
    <property name="java.specification.version" value="13"/>
    <property name="webdriver.chrome.driver" value="/Users/ridvangunduz/.m2/repository/webdriver/chromedriver/mac64/83.0.4103.39/chromedriver"/>
    <property name="sun.jnu.encoding" value="UTF-8"/>
    <property name="java.class.path" value="/Users/ridvangunduz/IdeaProjects/EndToEndProject/target/test-classes:/Users/ridvangunduz/IdeaProjects/EndToEndProject/target/classes:/Users/ridvangunduz/.m2/repository/io/github/bonigarcia/webdrivermanager/4.0.0/webdrivermanager-4.0.0.jar:/Users/ridvangunduz/.m2/repository/org/slf4j/slf4j-api/1.7.30/slf4j-api-1.7.30.jar:/Users/ridvangunduz/.m2/repository/com/google/code/gson/gson/2.8.6/gson-2.8.6.jar:/Users/ridvangunduz/.m2/repository/org/apache/commons/commons-lang3/3.10/commons-lang3-3.10.jar:/Users/ridvangunduz/.m2/repository/org/apache/httpcomponents/client5/httpclient5/5.0/httpclient5-5.0.jar:/Users/ridvangunduz/.m2/repository/org/apache/httpcomponents/core5/httpcore5/5.0/httpcore5-5.0.jar:/Users/ridvangunduz/.m2/repository/org/apache/httpcomponents/core5/httpcore5-h2/5.0/httpcore5-h2-5.0.jar:/Users/ridvangunduz/.m2/repository/org/rauschig/jarchivelib/1.0.0/jarchivelib-1.0.0.jar:/Users/ridvangunduz/.m2/repository/org/jsoup/jsoup/1.13.1/jsoup-1.13.1.jar:/Users/ridvangunduz/.m2/repository/org/seleniumhq/selenium/selenium-java/3.141.59/selenium-java-3.141.59.jar:/Users/ridvangunduz/.m2/repository/org/seleniumhq/selenium/selenium-api/3.141.59/selenium-api-3.141.59.jar:/Users/ridvangunduz/.m2/repository/org/seleniumhq/selenium/selenium-chrome-driver/3.141.59/selenium-chrome-driver-3.141.59.jar:/Users/ridvangunduz/.m2/repository/org/seleniumhq/selenium/selenium-edge-driver/3.141.59/selenium-edge-driver-3.141.59.jar:/Users/ridvangunduz/.m2/repository/org/seleniumhq/selenium/selenium-firefox-driver/3.141.59/selenium-firefox-driver-3.141.59.jar:/Users/ridvangunduz/.m2/repository/org/seleniumhq/selenium/selenium-ie-driver/3.141.59/selenium-ie-driver-3.141.59.jar:/Users/ridvangunduz/.m2/repository/org/seleniumhq/selenium/selenium-opera-driver/3.141.59/selenium-opera-driver-3.141.59.jar:/Users/ridvangunduz/.m2/repository/org/seleniumhq/selenium/selenium-remote-driver/3.141.59/selenium-remote-driver-3.141.59.jar:/Users/ridvangunduz/.m2/repository/org/seleniumhq/selenium/selenium-safari-driver/3.141.59/selenium-safari-driver-3.141.59.jar:/Users/ridvangunduz/.m2/repository/org/seleniumhq/selenium/selenium-support/3.141.59/selenium-support-3.141.59.jar:/Users/ridvangunduz/.m2/repository/net/bytebuddy/byte-buddy/1.8.15/byte-buddy-1.8.15.jar:/Users/ridvangunduz/.m2/repository/org/apache/commons/commons-exec/1.3/commons-exec-1.3.jar:/Users/ridvangunduz/.m2/repository/com/google/guava/guava/25.0-jre/guava-25.0-jre.jar:/Users/ridvangunduz/.m2/repository/com/google/code/findbugs/jsr305/1.3.9/jsr305-1.3.9.jar:/Users/ridvangunduz/.m2/repository/org/checkerframework/checker-compat-qual/2.0.0/checker-compat-qual-2.0.0.jar:/Users/ridvangunduz/.m2/repository/com/google/errorprone/error_prone_annotations/2.1.3/error_prone_annotations-2.1.3.jar:/Users/ridvangunduz/.m2/repository/com/google/j2objc/j2objc-annotations/1.1/j2objc-annotations-1.1.jar:/Users/ridvangunduz/.m2/repository/org/codehaus/mojo/animal-sniffer-annotations/1.14/animal-sniffer-annotations-1.14.jar:/Users/ridvangunduz/.m2/repository/com/squareup/okhttp3/okhttp/3.11.0/okhttp-3.11.0.jar:/Users/ridvangunduz/.m2/repository/com/squareup/okio/okio/1.14.0/okio-1.14.0.jar:/Users/ridvangunduz/.m2/repository/org/testng/testng/7.1.0/testng-7.1.0.jar:/Users/ridvangunduz/.m2/repository/com/beust/jcommander/1.72/jcommander-1.72.jar:/Users/ridvangunduz/.m2/repository/com/google/inject/guice/4.1.0/guice-4.1.0-no_aop.jar:/Users/ridvangunduz/.m2/repository/javax/inject/javax.inject/1/javax.inject-1.jar:/Users/ridvangunduz/.m2/repository/aopalliance/aopalliance/1.0/aopalliance-1.0.jar:/Users/ridvangunduz/.m2/repository/org/yaml/snakeyaml/1.21/snakeyaml-1.21.jar:/Users/ridvangunduz/.m2/repository/com/aventstack/extentreports/4.1.6/extentreports-4.1.6.jar:/Users/ridvangunduz/.m2/repository/org/freemarker/freemarker/2.3.29/freemarker-2.3.29.jar:/Users/ridvangunduz/.m2/repository/org/apache/httpcomponents/httpclient/4.5.2/httpclient-4.5.2.jar:/Users/ridvangunduz/.m2/repository/org/apache/httpcomponents/httpcore/4.4.4/httpcore-4.4.4.jar:/Users/ridvangunduz/.m2/repository/commons-logging/commons-logging/1.2/commons-logging-1.2.jar:/Users/ridvangunduz/.m2/repository/org/apache/httpcomponents/httpmime/4.5.2/httpmime-4.5.2.jar:/Users/ridvangunduz/.m2/repository/org/mongodb/mongodb-driver/3.12.0/mongodb-driver-3.12.0.jar:/Users/ridvangunduz/.m2/repository/org/mongodb/mongodb-driver-core/3.12.0/mongodb-driver-core-3.12.0.jar:/Users/ridvangunduz/.m2/repository/org/mongodb/bson/3.12.0/bson-3.12.0.jar:/Users/ridvangunduz/.m2/repository/com/github/javafaker/javafaker/1.0.2/javafaker-1.0.2.jar:/Users/ridvangunduz/.m2/repository/org/yaml/snakeyaml/1.23/snakeyaml-1.23-android.jar:/Users/ridvangunduz/.m2/repository/com/github/mifmif/generex/1.0.2/generex-1.0.2.jar:/Users/ridvangunduz/.m2/repository/dk/brics/automaton/automaton/1.11-8/automaton-1.11-8.jar:/Users/ridvangunduz/.m2/repository/org/apache/poi/poi-ooxml/4.1.2/poi-ooxml-4.1.2.jar:/Users/ridvangunduz/.m2/repository/org/apache/poi/poi-ooxml-schemas/4.1.2/poi-ooxml-schemas-4.1.2.jar:/Users/ridvangunduz/.m2/repository/org/apache/xmlbeans/xmlbeans/3.1.0/xmlbeans-3.1.0.jar:/Users/ridvangunduz/.m2/repository/org/apache/commons/commons-compress/1.19/commons-compress-1.19.jar:/Users/ridvangunduz/.m2/repository/com/github/virtuald/curvesapi/1.06/curvesapi-1.06.jar:/Users/ridvangunduz/.m2/repository/org/apache/poi/poi/4.1.2/poi-4.1.2.jar:/Users/ridvangunduz/.m2/repository/commons-codec/commons-codec/1.13/commons-codec-1.13.jar:/Users/ridvangunduz/.m2/repository/org/apache/commons/commons-collections4/4.4/commons-collections4-4.4.jar:/Users/ridvangunduz/.m2/repository/org/apache/commons/commons-math3/3.6.1/commons-math3-3.6.1.jar:/Users/ridvangunduz/.m2/repository/com/zaxxer/SparseBitSet/1.2/SparseBitSet-1.2.jar:/Users/ridvangunduz/.m2/repository/org/apache/logging/log4j/log4j-api/2.13.3/log4j-api-2.13.3.jar:/Users/ridvangunduz/.m2/repository/org/apache/logging/log4j/log4j-core/2.13.3/log4j-core-2.13.3.jar:/Users/ridvangunduz/.m2/repository/commons-io/commons-io/2.6/commons-io-2.6.jar:"/>
    <property name="java.vm.vendor" value="Oracle Corporation"/>
    <property name="sun.arch.data.model" value="64"/>
    <property name="java.vendor.url" value="https://openjdk.java.net/"/>
    <property name="user.timezone" value="America/Chicago"/>
    <property name="os.name" value="Mac OS X"/>
    <property name="java.vm.specification.version" value="13"/>
    <property name="sun.java.launcher" value="SUN_STANDARD"/>
    <property name="user.country" value="US"/>
    <property name="sun.boot.library.path" value="/usr/local/Cellar/openjdk/13.0.2+8_2/libexec/openjdk.jdk/Contents/Home/lib"/>
    <property name="sun.java.command" value="/Users/ridvangunduz/IdeaProjects/EndToEndProject/target/surefire/surefirebooter11633321748648864920.jar /Users/ridvangunduz/IdeaProjects/EndToEndProject/target/surefire 2020-06-26T01-22-24_898-jvmRun1 surefire9043873473627948182tmp surefire_06940684809761065483tmp"/>
    <property name="http.nonProxyHosts" value="local|*.local|169.254/16|*.169.254/16"/>
    <property name="jdk.debug" value="release"/>
    <property name="surefire.test.class.path" value="/Users/ridvangunduz/IdeaProjects/EndToEndProject/target/test-classes:/Users/ridvangunduz/IdeaProjects/EndToEndProject/target/classes:/Users/ridvangunduz/.m2/repository/io/github/bonigarcia/webdrivermanager/4.0.0/webdrivermanager-4.0.0.jar:/Users/ridvangunduz/.m2/repository/org/slf4j/slf4j-api/1.7.30/slf4j-api-1.7.30.jar:/Users/ridvangunduz/.m2/repository/com/google/code/gson/gson/2.8.6/gson-2.8.6.jar:/Users/ridvangunduz/.m2/repository/org/apache/commons/commons-lang3/3.10/commons-lang3-3.10.jar:/Users/ridvangunduz/.m2/repository/org/apache/httpcomponents/client5/httpclient5/5.0/httpclient5-5.0.jar:/Users/ridvangunduz/.m2/repository/org/apache/httpcomponents/core5/httpcore5/5.0/httpcore5-5.0.jar:/Users/ridvangunduz/.m2/repository/org/apache/httpcomponents/core5/httpcore5-h2/5.0/httpcore5-h2-5.0.jar:/Users/ridvangunduz/.m2/repository/org/rauschig/jarchivelib/1.0.0/jarchivelib-1.0.0.jar:/Users/ridvangunduz/.m2/repository/org/jsoup/jsoup/1.13.1/jsoup-1.13.1.jar:/Users/ridvangunduz/.m2/repository/org/seleniumhq/selenium/selenium-java/3.141.59/selenium-java-3.141.59.jar:/Users/ridvangunduz/.m2/repository/org/seleniumhq/selenium/selenium-api/3.141.59/selenium-api-3.141.59.jar:/Users/ridvangunduz/.m2/repository/org/seleniumhq/selenium/selenium-chrome-driver/3.141.59/selenium-chrome-driver-3.141.59.jar:/Users/ridvangunduz/.m2/repository/org/seleniumhq/selenium/selenium-edge-driver/3.141.59/selenium-edge-driver-3.141.59.jar:/Users/ridvangunduz/.m2/repository/org/seleniumhq/selenium/selenium-firefox-driver/3.141.59/selenium-firefox-driver-3.141.59.jar:/Users/ridvangunduz/.m2/repository/org/seleniumhq/selenium/selenium-ie-driver/3.141.59/selenium-ie-driver-3.141.59.jar:/Users/ridvangunduz/.m2/repository/org/seleniumhq/selenium/selenium-opera-driver/3.141.59/selenium-opera-driver-3.141.59.jar:/Users/ridvangunduz/.m2/repository/org/seleniumhq/selenium/selenium-remote-driver/3.141.59/selenium-remote-driver-3.141.59.jar:/Users/ridvangunduz/.m2/repository/org/seleniumhq/selenium/selenium-safari-driver/3.141.59/selenium-safari-driver-3.141.59.jar:/Users/ridvangunduz/.m2/repository/org/seleniumhq/selenium/selenium-support/3.141.59/selenium-support-3.141.59.jar:/Users/ridvangunduz/.m2/repository/net/bytebuddy/byte-buddy/1.8.15/byte-buddy-1.8.15.jar:/Users/ridvangunduz/.m2/repository/org/apache/commons/commons-exec/1.3/commons-exec-1.3.jar:/Users/ridvangunduz/.m2/repository/com/google/guava/guava/25.0-jre/guava-25.0-jre.jar:/Users/ridvangunduz/.m2/repository/com/google/code/findbugs/jsr305/1.3.9/jsr305-1.3.9.jar:/Users/ridvangunduz/.m2/repository/org/checkerframework/checker-compat-qual/2.0.0/checker-compat-qual-2.0.0.jar:/Users/ridvangunduz/.m2/repository/com/google/errorprone/error_prone_annotations/2.1.3/error_prone_annotations-2.1.3.jar:/Users/ridvangunduz/.m2/repository/com/google/j2objc/j2objc-annotations/1.1/j2objc-annotations-1.1.jar:/Users/ridvangunduz/.m2/repository/org/codehaus/mojo/animal-sniffer-annotations/1.14/animal-sniffer-annotations-1.14.jar:/Users/ridvangunduz/.m2/repository/com/squareup/okhttp3/okhttp/3.11.0/okhttp-3.11.0.jar:/Users/ridvangunduz/.m2/repository/com/squareup/okio/okio/1.14.0/okio-1.14.0.jar:/Users/ridvangunduz/.m2/repository/org/testng/testng/7.1.0/testng-7.1.0.jar:/Users/ridvangunduz/.m2/repository/com/beust/jcommander/1.72/jcommander-1.72.jar:/Users/ridvangunduz/.m2/repository/com/google/inject/guice/4.1.0/guice-4.1.0-no_aop.jar:/Users/ridvangunduz/.m2/repository/javax/inject/javax.inject/1/javax.inject-1.jar:/Users/ridvangunduz/.m2/repository/aopalliance/aopalliance/1.0/aopalliance-1.0.jar:/Users/ridvangunduz/.m2/repository/org/yaml/snakeyaml/1.21/snakeyaml-1.21.jar:/Users/ridvangunduz/.m2/repository/com/aventstack/extentreports/4.1.6/extentreports-4.1.6.jar:/Users/ridvangunduz/.m2/repository/org/freemarker/freemarker/2.3.29/freemarker-2.3.29.jar:/Users/ridvangunduz/.m2/repository/org/apache/httpcomponents/httpclient/4.5.2/httpclient-4.5.2.jar:/Users/ridvangunduz/.m2/repository/org/apache/httpcomponents/httpcore/4.4.4/httpcore-4.4.4.jar:/Users/ridvangunduz/.m2/repository/commons-logging/commons-logging/1.2/commons-logging-1.2.jar:/Users/ridvangunduz/.m2/repository/org/apache/httpcomponents/httpmime/4.5.2/httpmime-4.5.2.jar:/Users/ridvangunduz/.m2/repository/org/mongodb/mongodb-driver/3.12.0/mongodb-driver-3.12.0.jar:/Users/ridvangunduz/.m2/repository/org/mongodb/mongodb-driver-core/3.12.0/mongodb-driver-core-3.12.0.jar:/Users/ridvangunduz/.m2/repository/org/mongodb/bson/3.12.0/bson-3.12.0.jar:/Users/ridvangunduz/.m2/repository/com/github/javafaker/javafaker/1.0.2/javafaker-1.0.2.jar:/Users/ridvangunduz/.m2/repository/org/yaml/snakeyaml/1.23/snakeyaml-1.23-android.jar:/Users/ridvangunduz/.m2/repository/com/github/mifmif/generex/1.0.2/generex-1.0.2.jar:/Users/ridvangunduz/.m2/repository/dk/brics/automaton/automaton/1.11-8/automaton-1.11-8.jar:/Users/ridvangunduz/.m2/repository/org/apache/poi/poi-ooxml/4.1.2/poi-ooxml-4.1.2.jar:/Users/ridvangunduz/.m2/repository/org/apache/poi/poi-ooxml-schemas/4.1.2/poi-ooxml-schemas-4.1.2.jar:/Users/ridvangunduz/.m2/repository/org/apache/xmlbeans/xmlbeans/3.1.0/xmlbeans-3.1.0.jar:/Users/ridvangunduz/.m2/repository/org/apache/commons/commons-compress/1.19/commons-compress-1.19.jar:/Users/ridvangunduz/.m2/repository/com/github/virtuald/curvesapi/1.06/curvesapi-1.06.jar:/Users/ridvangunduz/.m2/repository/org/apache/poi/poi/4.1.2/poi-4.1.2.jar:/Users/ridvangunduz/.m2/repository/commons-codec/commons-codec/1.13/commons-codec-1.13.jar:/Users/ridvangunduz/.m2/repository/org/apache/commons/commons-collections4/4.4/commons-collections4-4.4.jar:/Users/ridvangunduz/.m2/repository/org/apache/commons/commons-math3/3.6.1/commons-math3-3.6.1.jar:/Users/ridvangunduz/.m2/repository/com/zaxxer/SparseBitSet/1.2/SparseBitSet-1.2.jar:/Users/ridvangunduz/.m2/repository/org/apache/logging/log4j/log4j-api/2.13.3/log4j-api-2.13.3.jar:/Users/ridvangunduz/.m2/repository/org/apache/logging/log4j/log4j-core/2.13.3/log4j-core-2.13.3.jar:/Users/ridvangunduz/.m2/repository/commons-io/commons-io/2.6/commons-io-2.6.jar:"/>
    <property name="sun.cpu.endian" value="little"/>
    <property name="user.home" value="/Users/ridvangunduz"/>
    <property name="user.language" value="en"/>
    <property name="java.specification.vendor" value="Oracle Corporation"/>
    <property name="java.version.date" value="2020-01-14"/>
    <property name="java.home" value="/usr/local/Cellar/openjdk/13.0.2+8_2/libexec/openjdk.jdk/Contents/Home"/>
    <property name="file.separator" value="/"/>
    <property name="basedir" value="/Users/ridvangunduz/IdeaProjects/EndToEndProject"/>
    <property name="java.vm.compressedOopsMode" value="Zero based"/>
    <property name="line.separator" value="&#10;"/>
    <property name="java.specification.name" value="Java Platform API Specification"/>
    <property name="java.vm.specification.vendor" value="Oracle Corporation"/>
    <property name="surefire.real.class.path" value="/Users/ridvangunduz/IdeaProjects/EndToEndProject/target/surefire/surefirebooter11633321748648864920.jar"/>
    <property name="sun.management.compiler" value="HotSpot 64-Bit Tiered Compilers"/>
    <property name="ftp.nonProxyHosts" value="local|*.local|169.254/16|*.169.254/16"/>
    <property name="java.runtime.version" value="13.0.2+8"/>
    <property name="user.name" value="ridvangunduz"/>
    <property name="path.separator" value=":"/>
    <property name="os.version" value="10.15.5"/>
    <property name="java.runtime.name" value="OpenJDK Runtime Environment"/>
    <property name="file.encoding" value="UTF-8"/>
    <property name="java.vm.name" value="OpenJDK 64-Bit Server VM"/>
    <property name="localRepository" value="/Users/ridvangunduz/.m2/repository"/>
    <property name="java.vendor.url.bug" value="https://bugreport.java.com/bugreport/"/>
    <property name="java.io.tmpdir" value="/var/folders/np/g5zm82fd5xq7htbp6_v3wb1c0000gn/T/"/>
    <property name="java.version" value="13.0.2"/>
    <property name="user.dir" value="/Users/ridvangunduz/IdeaProjects/EndToEndProject"/>
    <property name="os.arch" value="x86_64"/>
    <property name="java.vm.specification.name" value="Java Virtual Machine Specification"/>
    <property name="java.library.path" value="/Users/ridvangunduz/Library/Java/Extensions:/Library/Java/Extensions:/Network/Library/Java/Extensions:/System/Library/Java/Extensions:/usr/lib/java:."/>
    <property name="java.vm.info" value="mixed mode, sharing"/>
    <property name="java.vendor" value="N/A"/>
    <property name="java.vm.version" value="13.0.2+8"/>
    <property name="sun.io.unicode.encoding" value="UnicodeBig"/>
    <property name="socksNonProxyHosts" value="local|*.local|169.254/16|*.169.254/16"/>
    <property name="java.class.version" value="57.0"/>
  </properties>
  <testcase name="getRandomPersons" classname="Framework.Test2" time="0.312">
    <system-out><![CDATA[[Jazmine, Beier, Human Assurance Liaison, DVM, 9566 Kozey Drive, Port Francisbury, Australia, 50829-3201]
========================================
FirstName: Allyn
LastName: Gerhold
Title: Investor Infrastructure Administrator
Suffix: II
Address: 658 O'Reilly Villages
City: Lake Trudie
Country: Uruguay
Zip code: 20906-3019
=======================================
FirstName: Virgilio
LastName: Lowe
Title: Dynamic Branding Manager
Suffix: II
Address: 95223 Kendrick Mount
City: East Neville
Country: Malta
Zip code: 47598
=======================================
FirstName: Ellis
LastName: Yundt
Title: Investor Tactics Specialist
Suffix: IV
Address: 11200 Bernhard Mission
City: East Hien
Country: Malta
Zip code: 43613
=======================================
FirstName: Collin
LastName: Powlowski
Title: Investor Creative Technician
Suffix: PhD
Address: 998 Harber Keys
City: Lake Blakeville
Country: Bosnia and Herzegovina
Zip code: 12931
=======================================
FirstName: Billy
LastName: Hintz
Title: Dynamic Operations Administrator
Suffix: DDS
Address: 57506 Gaylord Road
City: New Valenciafurt
Country: Palau
Zip code: 86700
=======================================
]]></system-out>
  </testcase>
  <testcase name="failThisTest" classname="Framework.TestToFail" time="3.252">
    <failure message="expected [true] but found [false]" type="java.lang.AssertionError"><![CDATA[java.lang.AssertionError: expected [true] but found [false]
	at Framework.TestToFail.failThisTest(TestToFail.java:18)
]]></failure>
    <system-err><![CDATA[SLF4J: Failed to load class "org.slf4j.impl.StaticLoggerBinder".
SLF4J: Defaulting to no-operation (NOP) logger implementation
SLF4J: See http://www.slf4j.org/codes.html#StaticLoggerBinder for further details.
Starting ChromeDriver 83.0.4103.39 (ccbf011cb2d2b19b506d844400483861342c20cd-refs/branch-heads/4103@{#416}) on port 13876
Only local connections are allowed.
Please see https://chromedriver.chromium.org/security-considerations for suggestions on keeping ChromeDriver safe.
ChromeDriver was started successfully.
Jun 26, 2020 1:22:28 AM org.openqa.selenium.remote.ProtocolHandshake createSession
INFO: Detected dialect: W3C
]]></system-err>
  </testcase>
  <testcase name="homePageLogin[chas.bahringer, 22851151](1)" classname="HomePage.HomePage" time="11.405">
    <system-err><![CDATA[Starting ChromeDriver 83.0.4103.39 (ccbf011cb2d2b19b506d844400483861342c20cd-refs/branch-heads/4103@{#416}) on port 29853
Only local connections are allowed.
Please see https://chromedriver.chromium.org/security-considerations for suggestions on keeping ChromeDriver safe.
ChromeDriver was started successfully.
Jun 26, 2020 1:22:31 AM org.openqa.selenium.remote.ProtocolHandshake createSession
INFO: Detected dialect: W3C
]]></system-err>
  </testcase>
  <testcase name="homePageLogin[testemail@gmail.com, test12345](2)" classname="HomePage.HomePage" time="10.772">
    <system-err><![CDATA[Starting ChromeDriver 83.0.4103.39 (ccbf011cb2d2b19b506d844400483861342c20cd-refs/branch-heads/4103@{#416}) on port 24769
Only local connections are allowed.
Please see https://chromedriver.chromium.org/security-considerations for suggestions on keeping ChromeDriver safe.
ChromeDriver was started successfully.
Jun 26, 2020 1:22:42 AM org.openqa.selenium.remote.ProtocolHandshake createSession
INFO: Detected dialect: W3C
]]></system-err>
  </testcase>
</testsuite>